<?xml version="1.0" encoding="UTF-8"?>
<testng-results ignored="0" total="1" passed="1" failed="0" skipped="0">
  <reporter-output>
  </reporter-output>
  <suite started-at="2025-05-20T17:34:46 IST" name="Surefire suite" finished-at="2025-05-20T17:34:54 IST" duration-ms="8094">
    <groups>
    </groups>
    <test started-at="2025-05-20T17:34:46 IST" name="Surefire test" finished-at="2025-05-20T17:34:54 IST" duration-ms="8094">
      <class name="tests.LoginTest">
        <test-method is-config="true" signature="setup()[pri:0, instance:tests.LoginTest@327af41b]" started-at="2025-05-20T17:34:46 IST" name="setup" finished-at="2025-05-20T17:34:48 IST" duration-ms="2468" status="PASS">
          <reporter-output>
          </reporter-output>
        </test-method> <!-- setup -->
        <test-method signature="testValidLogin()[pri:0, instance:tests.LoginTest@327af41b]" started-at="2025-05-20T17:34:49 IST" name="testValidLogin" description="Verify that user can login with valid credentials" finished-at="2025-05-20T17:34:54 IST" duration-ms="5142" status="PASS">
          <reporter-output>
          </reporter-output>
        </test-method> <!-- testValidLogin -->
        <test-method is-config="true" signature="tearDown()[pri:0, instance:tests.LoginTest@327af41b]" started-at="2025-05-20T17:34:54 IST" name="tearDown" finished-at="2025-05-20T17:34:54 IST" duration-ms="385" status="PASS">
          <reporter-output>
          </reporter-output>
        </test-method> <!-- tearDown -->
      </class> <!-- tests.LoginTest -->
    </test> <!-- Surefire test -->
  </suite> <!-- Surefire suite -->
</testng-results>
